<?xml version="1.0" encoding="UTF-8"?>
<!-- Generated by org.testng.reporters.JUnitReportReporter -->
<testsuite hostname="LAPTOP-J55P4QPE" failures="0" tests="8" name="myTestCases.MyTestCases" time="59.931" errors="0" timestamp="2025-01-31T18:36:03 AST" skipped="0">
  <testcase classname="myTestCases.MyTestCases" name="CheckTheDefaultLanguageIsEnglish" time="0.103"/>
  <system-out/>
  <testcase classname="myTestCases.MyTestCases" name="CheckTheDefaultCurrency" time="0.119"/>
  <system-out/>
  <testcase classname="myTestCases.MyTestCases" name="CheckTheMobileNumber" time="0.062"/>
  <system-out/>
  <testcase classname="myTestCases.MyTestCases" name="CheckQitafLogo" time="0.207"/>
  <system-out/>
  <testcase classname="myTestCases.MyTestCases" name="CheckHotelTabIsNotSelected" time="0.054"/>
  <system-out/>
  <testcase classname="myTestCases.MyTestCases" name="CheckDepatureDate" time="0.066"/>
  <system-out/>
  <testcase classname="myTestCases.MyTestCases" name="CheckReturnDate" time="0.047"/>
  <system-out/>
  <testcase classname="myTestCases.MyTestCases" name="RandomlyChangeWebSiteLanguage" time="59.273"/>
  <system-out/>
</testsuite> <!-- myTestCases.MyTestCases -->
